Build started 28/04/2013 18:59:34.
     1>Project "D:\07 College 2012-2013\L3_U15_Object_oriented_Programming\40 Projects\SpaceWave\SpaceWave\SpaceWave.vcxproj" on node 2 (build target(s)).
     1>InitializeBuildStatus:
         Creating "Debug\SpaceWave.unsuccessfulbuild" because "AlwaysCreate" was specified.
       ClCompile:
         D:\Visual Studio 10\VC\bin\CL.exe /c /I"C:\Program Files (x86)\Microsoft SDKs\Windows\v7.0A\\Include" /I"C:\Program Files (x86)\Microsoft DirectX SDK (August 2007)\Include" /I"C:\Program Files (x86)\The Game Creators\Dark GDK\Include\vcc2010" /I"D:\Visual Studio 10\VC\include" /I"D:\Visual Studio 10\VC\atlmfc\include" /I"C:\Program Files (x86)\Microsoft SDKs\Windows\v7.0A\include" /I"C:\Program Files (x86)\Microsoft SDKs\Windows\v7.0A\\include" /ZI /nologo /W4 /WX- /Od /Oy- /D WIN32 /D _WINDOWS /D _DEBUG /Gm /EHsc /RTC1 /MTd /GS /fp:precise /Zc:wchar_t /Zc:forScope /Fo"Debug\\" /Fd"Debug\vc100.pdb" /Gd /TP /analyze- /errorReport:prompt Game.cpp Main.cpp
         Main.cpp
         c:\program files (x86)\microsoft sdks\windows\v7.0a\include\dinput.h: DIRECTINPUT_VERSION undefined. Defaulting to version 0x0800
         Game.cpp
         c:\program files (x86)\microsoft sdks\windows\v7.0a\include\dinput.h: DIRECTINPUT_VERSION undefined. Defaulting to version 0x0800
         Generating Code...
       ManifestResourceCompile:
         All outputs are up-to-date.
       Link:
         D:\Visual Studio 10\VC\bin\link.exe /ERRORREPORT:PROMPT /OUT:"D:\07 College 2012-2013\L3_U15_Object_oriented_Programming\40 Projects\SpaceWave\Debug\/SpaceWave.exe" /INCREMENTAL /NOLOGO /LIBPATH:"C:\Program Files (x86)\The Game Creators\Dark GDK\Lib\VS10Debug" /LIBPATH:"C:\Program Files (x86)\Microsoft DirectX SDK (August 2007)\Lib\x86" /LIBPATH:"D:\Visual Studio 10\VC\lib" /LIBPATH:"D:\Visual Studio 10\VC\atlmfc\lib" /LIBPATH:"C:\Program Files (x86)\Microsoft SDKs\Windows\v7.0A\lib" /LIBPATH:"C:\Program Files (x86)\Microsoft SDKs\Windows\v7.0A\\lib" kernel32.lib user32.lib gdi32.lib winspool.lib comdlg32.lib advapi32.lib shell32.lib ole32.lib oleaut32.lib uuid.lib odbc32.lib odbccp32.lib /MANIFEST /ManifestFile:"Debug\SpaceWave.exe.intermediate.manifest" /MANIFESTUAC:"level='asInvoker' uiAccess='false'" /DEBUG /PDB:"D:\07 College 2012-2013\L3_U15_Object_oriented_Programming\40 Projects\SpaceWave\Debug\/SpaceWave.pdb" /SUBSYSTEM:WINDOWS /TLBID:1 /DYNAMICBASE /NXCOMPAT /IMPLIB:"D:\07 College 2012-2013\L3_U15_Object_oriented_Programming\40 Projects\SpaceWave\Debug\SpaceWave.lib" /MACHINE:X86 Debug\SpaceWave.exe.embed.manifest.res
         Debug\Game.obj
         Debug\Main.obj
     1>animation.lib(wxutil.obj) : warning LNK4099: PDB 'vc60.pdb' was not found with 'animation.lib(wxutil.obj)' or at 'D:\07 College 2012-2013\L3_U15_Object_oriented_Programming\40 Projects\SpaceWave\Debug\vc60.pdb'; linking object as if no debug info
     1>animation.lib(wxlist.obj) : warning LNK4099: PDB 'vc60.pdb' was not found with 'animation.lib(wxlist.obj)' or at 'D:\07 College 2012-2013\L3_U15_Object_oriented_Programming\40 Projects\SpaceWave\Debug\vc60.pdb'; linking object as if no debug info
     1>animation.lib(wxdebug.obj) : warning LNK4099: PDB 'vc60.pdb' was not found with 'animation.lib(wxdebug.obj)' or at 'D:\07 College 2012-2013\L3_U15_Object_oriented_Programming\40 Projects\SpaceWave\Debug\vc60.pdb'; linking object as if no debug info
     1>animation.lib(renbase.obj) : warning LNK4099: PDB 'vc60.pdb' was not found with 'animation.lib(renbase.obj)' or at 'D:\07 College 2012-2013\L3_U15_Object_oriented_Programming\40 Projects\SpaceWave\Debug\vc60.pdb'; linking object as if no debug info
     1>animation.lib(mtype.obj) : warning LNK4099: PDB 'vc60.pdb' was not found with 'animation.lib(mtype.obj)' or at 'D:\07 College 2012-2013\L3_U15_Object_oriented_Programming\40 Projects\SpaceWave\Debug\vc60.pdb'; linking object as if no debug info
     1>animation.lib(ctlutil.obj) : warning LNK4099: PDB 'vc60.pdb' was not found with 'animation.lib(ctlutil.obj)' or at 'D:\07 College 2012-2013\L3_U15_Object_oriented_Programming\40 Projects\SpaceWave\Debug\vc60.pdb'; linking object as if no debug info
     1>animation.lib(combase.obj) : warning LNK4099: PDB 'vc60.pdb' was not found with 'animation.lib(combase.obj)' or at 'D:\07 College 2012-2013\L3_U15_Object_oriented_Programming\40 Projects\SpaceWave\Debug\vc60.pdb'; linking object as if no debug info
     1>animation.lib(amvideo.obj) : warning LNK4099: PDB 'vc60.pdb' was not found with 'animation.lib(amvideo.obj)' or at 'D:\07 College 2012-2013\L3_U15_Object_oriented_Programming\40 Projects\SpaceWave\Debug\vc60.pdb'; linking object as if no debug info
     1>animation.lib(amfilter.obj) : warning LNK4099: PDB 'vc60.pdb' was not found with 'animation.lib(amfilter.obj)' or at 'D:\07 College 2012-2013\L3_U15_Object_oriented_Programming\40 Projects\SpaceWave\Debug\vc60.pdb'; linking object as if no debug info
       Manifest:
         C:\Program Files (x86)\Microsoft SDKs\Windows\v7.0A\bin\mt.exe /nologo /verbose /out:"Debug\SpaceWave.exe.embed.manifest" /manifest Debug\SpaceWave.exe.intermediate.manifest
         All outputs are up-to-date.
       LinkEmbedManifest:
         All outputs are up-to-date.
         SpaceWave.vcxproj -> D:\07 College 2012-2013\L3_U15_Object_oriented_Programming\40 Projects\SpaceWave\Debug\SpaceWave.exe
       FinalizeBuildStatus:
         Deleting file "Debug\SpaceWave.unsuccessfulbuild".
         Touching "Debug\SpaceWave.lastbuildstate".
     1>Done Building Project "D:\07 College 2012-2013\L3_U15_Object_oriented_Programming\40 Projects\SpaceWave\SpaceWave\SpaceWave.vcxproj" (build target(s)).

Build succeeded.

Time Elapsed 00:00:03.85
